VCD info: dumpfile ../sim/waves/uart_tx_wave.vcd opened for output.

=================================================
START CASE: TX_BASIC_55
TIME      : 390000
=================================================
PASS CASE : TX_BASIC_55, time=1042110000

=================================================
START CASE: TX_BASIC_A5
TIME      : 1042510000
=================================================
PASS CASE : TX_BASIC_A5, time=2084230000

=================================================
START CASE: TX_BASIC_00
TIME      : 2084630000
=================================================
PASS CASE : TX_BASIC_00, time=3126350000

=================================================
START CASE: TX_BASIC_FF
TIME      : 3126750000
=================================================
PASS CASE : TX_BASIC_FF, time=4168470000

=================================================
START CASE: TX_EN_LONG_1
TIME      : 4168870000
=================================================
PASS CASE : TX_EN_LONG_1, time=5210590000

=================================================
START CASE: TX_BUSY_RETRY
TIME      : 5210990000
=================================================
PASS CASE : TX_BUSY_RETRY, time=6252710000

=================================================
START CASE: TX_RESET_TX
TIME      : 6253110000
=================================================
PASS CASE : TX_RESET_TX, time=7503470000
PASS: uart_tx self-check simulation passed.
../tb/tb_uart_tx_selfcheck.v:97: $finish called at 7503870000 (1ps)
